jabra.com
gssv-play-prod.xboxlive.com
xgpuweb.gssv-play-prod.xboxlive.com
xgpupcapp.gssv-play-prod.xboxlive.com
xgpuconsole.gssv-play-prod.xboxlive.com
xgpuwebf2p.gssv-play-prod.xboxlive.com
weu.core.gssv-play-prod.xboxlive.com
eus.core.gssv-play-prod.xboxlive.com
wus.core.gssv-play-prod.xboxlive.com
neu.core.gssv-play-prod.xboxlive.com
xsts.auth.xboxlive.com
user.auth.xboxlive.com
device.auth.xboxlive.com
cert.mgt.xboxlive.com
attestation.xboxlive.com
profile.xboxlive.com
social.xboxlive.com
privacy.xboxlive.com
achievements.xboxlive.com
titlehub.xboxlive.com
smartglass.xbox.com
compass-ssl.xbox.com
xnotify.xboxlive.com
activityhub.xboxlive.com
images-eds.xboxlive.com
rta.xboxlive.com
peoplehub.xboxlive.com
editorial.xboxlive.com
clubhub.xboxlive.com
help.ui.xboxlive.com
